<?xml version="1.0" encoding="UTF-8"?>
<!-- Generated by org.testng.reporters.JUnitReportReporter -->
<testsuite hostname="LAPTOP-573P8KRO" failures="0" tests="1" name="sampleTestNGPractice.FirstTestNGcls" time="0.000" errors="0" timestamp="25 Jul. 2019 19:55:58 GMT" skipped="0">
  <testcase classname="sampleTestNGPractice.FirstTestNGcls" name="Testcase02" time="0.000"/>
</testsuite> <!-- sampleTestNGPractice.FirstTestNGcls -->
